{
  "stats": {
    "suites": 1,
    "tests": 1,
    "passes": 1,
    "pending": 0,
    "failures": 0,
    "start": "2024-12-09T19:02:19.222Z",
    "end": "2024-12-09T19:02:22.964Z",
    "duration": 3742,
    "testsRegistered": 1,
    "passPercent": 100,
    "pendingPercent": 0,
    "other": 0,
    "hasOther": false,
    "skipped": 0,
    "hasSkipped": false
  },
  "results": [
    {
      "uuid": "1064287f-6679-4909-b15c-0de75ad93125",
      "title": "",
      "fullFile": "cypress/e2e/TestCases/Login.spec.js",
      "file": "cypress/e2e/TestCases/Login.spec.js",
      "beforeHooks": [],
      "afterHooks": [],
      "tests": [],
      "suites": [
        {
          "uuid": "d7763e69-017a-4dd5-8e48-c46e7437a939",
          "title": "Login Test",
          "fullFile": "",
          "file": "",
          "beforeHooks": [],
          "afterHooks": [],
          "tests": [
            {
              "title": "Login with valid credentials",
              "fullTitle": "Login Test Login with valid credentials",
              "timedOut": null,
              "duration": 2001,
              "state": "passed",
              "speed": "fast",
              "pass": true,
              "fail": false,
              "pending": false,
              "context": null,
              "code": "cy.fixture(\"credential\").then(data => {\n  const username = data.username;\n  const password = data.password;\n  console.log(password);\n  cy.visitURLSuccessfully();\n  LOGIN_PAGE_ACTION.typeUserName(username);\n  LOGIN_PAGE_ACTION.typePassword(password);\n  LOGIN_PAGE_ACTION.clickOnLoginButton();\n});",
              "err": {},
              "uuid": "d891010c-6731-4caf-8ccb-9a6ffec2b807",
              "parentUUID": "d7763e69-017a-4dd5-8e48-c46e7437a939",
              "isHook": false,
              "skipped": false
            }
          ],
          "suites": [],
          "passes": [
            "d891010c-6731-4caf-8ccb-9a6ffec2b807"
          ],
          "failures": [],
          "pending": [],
          "skipped": [],
          "duration": 2001,
          "root": false,
          "rootEmpty": false,
          "_timeout": 2000
        }
      ],
      "passes": [],
      "failures": [],
      "pending": [],
      "skipped": [],
      "duration": 0,
      "root": true,
      "rootEmpty": true,
      "_timeout": 2000
    }
  ],
  "meta": {
    "mocha": {
      "version": "7.0.1"
    },
    "mochawesome": {
      "options": {
        "quiet": false,
        "reportFilename": "mochawesome",
        "saveHtml": true,
        "saveJson": true,
        "consoleReporter": "spec",
        "useInlineDiffs": false,
        "code": true
      },
      "version": "7.1.3"
    },
    "marge": {
      "options": {
        "reportDir": "cypress/reports",
        "overwrite": false,
        "html": true,
        "json": true
      },
      "version": "6.2.0"
    }
  }
}