{
  "stats": {
    "suites": 1,
    "tests": 1,
    "passes": 1,
    "pending": 0,
    "failures": 0,
    "start": "2024-12-10T14:46:33.587Z",
    "end": "2024-12-10T14:46:37.814Z",
    "duration": 4227,
    "testsRegistered": 1,
    "passPercent": 100,
    "pendingPercent": 0,
    "other": 0,
    "hasOther": false,
    "skipped": 0,
    "hasSkipped": false
  },
  "results": [
    {
      "uuid": "85f1c66c-23ee-4df9-bd6a-0f4f726e37fc",
      "title": "",
      "fullFile": "cypress/e2e/TestCases/Login.spec.js",
      "file": "cypress/e2e/TestCases/Login.spec.js",
      "beforeHooks": [],
      "afterHooks": [],
      "tests": [],
      "suites": [
        {
          "uuid": "ecf001e6-9d8b-4bcf-a9e1-3e6930cb8214",
          "title": "Login Test",
          "fullFile": "",
          "file": "",
          "beforeHooks": [],
          "afterHooks": [],
          "tests": [
            {
              "title": "Login with valid credentials",
              "fullTitle": "Login Test Login with valid credentials",
              "timedOut": null,
              "duration": 2335,
              "state": "passed",
              "speed": "fast",
              "pass": true,
              "fail": false,
              "pending": false,
              "context": null,
              "code": "cy.fixture(\"credential\").then(data => {\n  const username = data.username;\n  const password = data.password;\n  console.log(password);\n  cy.visitURLSuccessfully();\n  LOGIN_PAGE_ACTION.typeUserName(username);\n  LOGIN_PAGE_ACTION.typePassword(password);\n  LOGIN_PAGE_ACTION.clickOnLoginButton();\n});",
              "err": {},
              "uuid": "9891346f-3ade-41ae-a3c4-becd37b9a454",
              "parentUUID": "ecf001e6-9d8b-4bcf-a9e1-3e6930cb8214",
              "isHook": false,
              "skipped": false
            }
          ],
          "suites": [],
          "passes": [
            "9891346f-3ade-41ae-a3c4-becd37b9a454"
          ],
          "failures": [],
          "pending": [],
          "skipped": [],
          "duration": 2335,
          "root": false,
          "rootEmpty": false,
          "_timeout": 2000
        }
      ],
      "passes": [],
      "failures": [],
      "pending": [],
      "skipped": [],
      "duration": 0,
      "root": true,
      "rootEmpty": true,
      "_timeout": 2000
    }
  ],
  "meta": {
    "mocha": {
      "version": "7.0.1"
    },
    "mochawesome": {
      "options": {
        "quiet": false,
        "reportFilename": "mochawesome",
        "saveHtml": true,
        "saveJson": true,
        "consoleReporter": "spec",
        "useInlineDiffs": false,
        "code": true
      },
      "version": "7.1.3"
    },
    "marge": {
      "options": {
        "reportDir": "cypress/reports",
        "overwrite": false,
        "html": true,
        "json": true
      },
      "version": "6.2.0"
    }
  }
}