{
  "stats": {
    "suites": 1,
    "tests": 1,
    "passes": 1,
    "pending": 0,
    "failures": 0,
    "start": "2024-12-09T17:41:41.608Z",
    "end": "2024-12-09T17:41:52.447Z",
    "duration": 10839,
    "testsRegistered": 1,
    "passPercent": 100,
    "pendingPercent": 0,
    "other": 0,
    "hasOther": false,
    "skipped": 0,
    "hasSkipped": false
  },
  "results": [
    {
      "uuid": "e9c6ce7a-0ab6-4028-acf3-0c4adc908b81",
      "title": "",
      "fullFile": "cypress\\e2e\\TestCases\\Login.spec.js",
      "file": "cypress\\e2e\\TestCases\\Login.spec.js",
      "beforeHooks": [],
      "afterHooks": [],
      "tests": [],
      "suites": [
        {
          "uuid": "da2c3663-c6ca-435b-aa3d-9bc9002b8bf9",
          "title": "Login Test",
          "fullFile": "",
          "file": "",
          "beforeHooks": [],
          "afterHooks": [],
          "tests": [
            {
              "title": "Login with valid credentials",
              "fullTitle": "Login Test Login with valid credentials",
              "timedOut": null,
              "duration": 5889,
              "state": "passed",
              "speed": "medium",
              "pass": true,
              "fail": false,
              "pending": false,
              "context": null,
              "code": "cy.fixture(\"credential\").then(data => {\n  const username = data.username;\n  const password = data.password;\n  console.log(password);\n  cy.visitURLSuccessfully();\n  LOGIN_PAGE_ACTION.typeUserName(username);\n  LOGIN_PAGE_ACTION.typePassword(password);\n  LOGIN_PAGE_ACTION.clickOnLoginButton();\n});",
              "err": {},
              "uuid": "d3e6c049-e111-4565-a47d-f3c7df840bb3",
              "parentUUID": "da2c3663-c6ca-435b-aa3d-9bc9002b8bf9",
              "isHook": false,
              "skipped": false
            }
          ],
          "suites": [],
          "passes": [
            "d3e6c049-e111-4565-a47d-f3c7df840bb3"
          ],
          "failures": [],
          "pending": [],
          "skipped": [],
          "duration": 5889,
          "root": false,
          "rootEmpty": false,
          "_timeout": 2000
        }
      ],
      "passes": [],
      "failures": [],
      "pending": [],
      "skipped": [],
      "duration": 0,
      "root": true,
      "rootEmpty": true,
      "_timeout": 2000
    }
  ],
  "meta": {
    "mocha": {
      "version": "7.0.1"
    },
    "mochawesome": {
      "options": {
        "quiet": false,
        "reportFilename": "mochawesome",
        "saveHtml": true,
        "saveJson": true,
        "consoleReporter": "spec",
        "useInlineDiffs": false,
        "code": true
      },
      "version": "7.1.3"
    },
    "marge": {
      "options": {
        "reportDir": "cypress/reports",
        "overwrite": false,
        "html": true,
        "json": true,
        "charts": true
      },
      "version": "6.2.0"
    }
  }
}